2016-11-19 20:08 +07:00: connected
2016-11-19 20:08 +07:00: 100
2016-11-19 20:08 +07:00: Co nguoi vua ket noi toi server: 8UWo6x-bewB2GR-tAAAA
2016-11-19 20:10 +07:00: connected
2016-11-19 20:10 +07:00: 100
2016-11-19 20:10 +07:00: Co nguoi vua ket noi toi server: Rz82V226Ae1yUXeOAAAA
2016-11-19 20:11 +07:00: Co nguoi vua ket noi toi server: b61qYvgvd5dOJYZzAAAA
2016-11-19 20:12 +07:00: Co nguoi vua ket noi toi server: HpocvQRIe4M-G00dAAAA
2016-11-19 20:12 +07:00: connected
2016-11-19 20:12 +07:00: 100
2016-11-19 20:12 +07:00: Co nguoi vua ket noi toi server: 1wVEgiIWObYVX2HgAAAB
2016-11-19 20:12 +07:00: Co nguoi vua ket noi toi server: ahhDFuUlVHcG9pvSAAAA
2016-11-19 20:12 +07:00: connected
2016-11-19 20:12 +07:00: 100
2016-11-19 20:12 +07:00: Co nguoi vua ket noi toi server: ozgIUmRGQyDRuvvSAAAA
2016-12-09 15:23 +07:00: Co nguoi vua ket noi toi server: uU2CS2fLQDHMMyfgAAAA
2016-12-09 15:23 +07:00: Co nguoi vua ket noi toi server: KZMrzjSvQAFVDZG-AAAA
2016-12-09 15:29 +07:00: connected
2016-12-09 15:29 +07:00: 20
2016-12-09 15:29 +07:00: Co nguoi vua ket noi toi server: oj4b_wqOGTqtBDqOAAAA
2016-12-09 15:29 +07:00: Co nguoi vua ket noi toi server: QOHabPuw_VFul5oNAAAA
2016-12-09 15:30 +07:00: Co nguoi vua ket noi toi server: jY5qCoaLFKMqgWhzAAAB
2016-12-09 15:30 +07:00: Co nguoi vua ket noi toi server: hwIK1EJAnjBZrCN4AAAA
2016-12-09 15:37 +07:00: connected
2016-12-09 15:37 +07:00: 20
2016-12-09 15:37 +07:00: Co nguoi vua ket noi toi server: FUlV_8OmgkrIey-NAAAA
2016-12-09 15:37 +07:00: connected
2016-12-09 15:37 +07:00: 20
2016-12-09 15:37 +07:00: Co nguoi vua ket noi toi server: NfleBdlJ7XfWFgmgAAAB
2016-12-09 15:37 +07:00: connected
2016-12-09 15:37 +07:00: 20
2016-12-09 15:37 +07:00: Co nguoi vua ket noi toi server: w1EUHGU8tFzZnujPAAAA
2016-12-09 15:37 +07:00: connected
2016-12-09 15:37 +07:00: 20
2016-12-09 15:37 +07:00: Co nguoi vua ket noi toi server: u1DMXPe9Y9sw-TTJAAAB
2016-12-09 15:37 +07:00: connected
2016-12-09 15:37 +07:00: 20
2016-12-09 15:37 +07:00: Co nguoi vua ket noi toi server: 3_Tp362VwZyvbKoeAAAC
2016-12-09 15:37 +07:00: connected
2016-12-09 15:37 +07:00: 20
2016-12-09 15:37 +07:00: Co nguoi vua ket noi toi server: AqVNicnVbS1U5JcWAAAD
2016-12-09 15:37 +07:00: connected
2016-12-09 15:37 +07:00: 20
2016-12-09 15:37 +07:00: Co nguoi vua ket noi toi server: swV9aPRG-tfrmHDDAAAE
2016-12-09 15:37 +07:00: connected
2016-12-09 15:37 +07:00: 20
2016-12-09 15:37 +07:00: Co nguoi vua ket noi toi server: 15gc2VUcrszC83o4AAAF
2016-12-09 15:37 +07:00: connected
2016-12-09 15:37 +07:00: 20
2016-12-09 15:37 +07:00: Co nguoi vua ket noi toi server: j0LP_gnsHfmPsWU9AAAG
2016-12-09 15:37 +07:00: connected
2016-12-09 15:37 +07:00: 20
2016-12-09 15:37 +07:00: Co nguoi vua ket noi toi server: 4gEcP-8c3dRPzT2sAAAH
2016-12-09 15:37 +07:00: connected
2016-12-09 15:37 +07:00: 20
2016-12-09 15:37 +07:00: Co nguoi vua ket noi toi server: ykVFODuNBZn5CJkXAAAI
2016-12-09 15:37 +07:00: connected
2016-12-09 15:37 +07:00: 20
2016-12-09 15:37 +07:00: Co nguoi vua ket noi toi server: V1jQepytibFdf_0tAAAJ
2016-12-09 15:37 +07:00: connected
2016-12-09 15:37 +07:00: 20
2016-12-09 15:37 +07:00: Co nguoi vua ket noi toi server: iU9Qyk3YUfBHQNd1AAAK
2016-12-09 15:37 +07:00: connected
2016-12-09 15:37 +07:00: 20
2016-12-09 15:37 +07:00: Co nguoi vua ket noi toi server: K4rmMSwvrEYloN1rAAAL
2016-12-09 15:37 +07:00: connected
2016-12-09 15:37 +07:00: 20
2016-12-09 15:37 +07:00: Co nguoi vua ket noi toi server: Ay2TKytwWEYLs_zTAAAM
2016-12-09 15:37 +07:00: connected
2016-12-09 15:37 +07:00: 20
2016-12-09 15:37 +07:00: Co nguoi vua ket noi toi server: vW-iiOGl-ix0FgbxAAAN
2016-12-09 15:37 +07:00: connected
2016-12-09 15:37 +07:00: 20
2016-12-09 15:37 +07:00: Co nguoi vua ket noi toi server: TWedA42ham2KKvovAAAA
2016-12-09 15:37 +07:00: connected
2016-12-09 15:37 +07:00: 20
2016-12-09 15:37 +07:00: Co nguoi vua ket noi toi server: -gTTiZRLF2xokO7GAAAA
2016-12-09 15:37 +07:00: connected
2016-12-09 15:37 +07:00: 20
2016-12-09 15:37 +07:00: Co nguoi vua ket noi toi server: SQsdyvixFC7bhPprAAAB
2016-12-09 15:37 +07:00: connected
2016-12-09 15:37 +07:00: 20
2016-12-09 15:37 +07:00: Co nguoi vua ket noi toi server: MvewFvlPKTtybluJAAAC
2016-12-09 15:37 +07:00: connected
2016-12-09 15:37 +07:00: 20
2016-12-09 15:37 +07:00: Co nguoi vua ket noi toi server: 9Sya9ev21A5bcb88AAAD
2016-12-09 15:37 +07:00: connected
2016-12-09 15:37 +07:00: 20
2016-12-09 15:37 +07:00: Co nguoi vua ket noi toi server: OZ_79WIUjYoZCXjLAAAE
2016-12-09 15:37 +07:00: connected
2016-12-09 15:37 +07:00: 20
2016-12-09 15:37 +07:00: Co nguoi vua ket noi toi server: _UHqnGzbWNjY3KbJAAAF
2016-12-09 15:38 +07:00: connected
2016-12-09 15:38 +07:00: 20
2016-12-09 15:38 +07:00: Co nguoi vua ket noi toi server: BPlZOhJpJjgWqHiEAAAG
2016-12-09 15:38 +07:00: Co nguoi vua ket noi toi server: XMuZAl6C1pSJoFJ3AAAB
2016-12-09 15:40 +07:00: connected
2016-12-09 15:40 +07:00: 20
2016-12-09 15:40 +07:00: Co nguoi vua ket noi toi server: r-XxiRTrRmk02zXmAAAA
2016-12-09 15:40 +07:00: connected
2016-12-09 15:40 +07:00: 20
2016-12-09 15:40 +07:00: Co nguoi vua ket noi toi server: tIYNWKAOifILUuAjAAAO
2016-12-09 15:40 +07:00: connected
2016-12-09 15:40 +07:00: 20
2016-12-09 15:40 +07:00: Co nguoi vua ket noi toi server: n7zs5UO2_mSaB-8eAAAC
2016-12-09 15:40 +07:00: Co nguoi vua ket noi toi server: MBrddOfAoHKQ4DZyAAAA
2016-12-09 15:41 +07:00: Co nguoi vua ket noi toi server: 24YXlstprvk6EygmAAAA
2016-12-09 15:41 +07:00: connected
2016-12-09 15:41 +07:00: 20
2016-12-09 15:41 +07:00: Co nguoi vua ket noi toi server: tJSCsoFDRZT9F0ddAAAB
2016-12-09 15:41 +07:00: Co nguoi vua ket noi toi server: GBhYZVXJ_RJYYCSEAAAA
2016-12-09 15:41 +07:00: connected
2016-12-09 15:41 +07:00: 20
2016-12-09 15:41 +07:00: Co nguoi vua ket noi toi server: _Pa6Y7pMq2THnripAAAA
